  shader.cpp
  main.cpp
shader.obj : error LNK2001: 확인할 수 없는 외부 기호 __imp____glewGetShaderiv
shader.obj : error LNK2001: 확인할 수 없는 외부 기호 __imp____glewCompileShader
shader.obj : error LNK2001: 확인할 수 없는 외부 기호 __imp____glewCreateShader
shader.obj : error LNK2001: 확인할 수 없는 외부 기호 __imp____glewCreateProgram
shader.obj : error LNK2001: 확인할 수 없는 외부 기호 __imp____glewGetShaderInfoLog
shader.obj : error LNK2001: 확인할 수 없는 외부 기호 __imp____glewGetProgramiv
shader.obj : error LNK2001: 확인할 수 없는 외부 기호 __imp____glewAttachShader
shader.obj : error LNK2001: 확인할 수 없는 외부 기호 __imp____glewShaderSource
shader.obj : error LNK2001: 확인할 수 없는 외부 기호 __imp____glewDetachShader
shader.obj : error LNK2001: 확인할 수 없는 외부 기호 __imp____glewGetProgramInfoLog
shader.obj : error LNK2001: 확인할 수 없는 외부 기호 __imp____glewDeleteShader
shader.obj : error LNK2001: 확인할 수 없는 외부 기호 __imp____glewLinkProgram
main.obj : error LNK2001: 확인할 수 없는 외부 기호 _glfwSwapBuffers
main.obj : error LNK2001: 확인할 수 없는 외부 기호 __imp____glewEnableVertexAttribArray
main.obj : error LNK2001: 확인할 수 없는 외부 기호 __imp____glewBindVertexArray
main.obj : error LNK2001: 확인할 수 없는 외부 기호 __imp____glewUseProgram
main.obj : error LNK2001: 확인할 수 없는 외부 기호 __imp____glewVertexAttribPointer
main.obj : error LNK2001: 확인할 수 없는 외부 기호 __imp____glewBindBuffer
main.obj : error LNK2001: 확인할 수 없는 외부 기호 _glfwGetKey
main.obj : error LNK2001: 확인할 수 없는 외부 기호 _glfwGetMouseButton
main.obj : error LNK2001: 확인할 수 없는 외부 기호 _glfwTerminate
main.obj : error LNK2001: 확인할 수 없는 외부 기호 _glfwPollEvents
main.obj : error LNK2001: 확인할 수 없는 외부 기호 _glfwInit
main.obj : error LNK2001: 확인할 수 없는 외부 기호 __imp____glewDeleteVertexArrays
main.obj : error LNK2001: 확인할 수 없는 외부 기호 _glfwSetScrollCallback
main.obj : error LNK2001: 확인할 수 없는 외부 기호 _glfwCreateWindow
main.obj : error LNK2001: 확인할 수 없는 외부 기호 _glfwWindowHint
main.obj : error LNK2001: 확인할 수 없는 외부 기호 __imp____glewGetUniformLocation
main.obj : error LNK2001: 확인할 수 없는 외부 기호 _glfwSetInputMode
main.obj : error LNK2001: 확인할 수 없는 외부 기호 _glfwMakeContextCurrent
main.obj : error LNK2001: 확인할 수 없는 외부 기호 __imp____glewBufferData
main.obj : error LNK2001: 확인할 수 없는 외부 기호 __imp____glewDeleteProgram
main.obj : error LNK2001: 확인할 수 없는 외부 기호 __imp____glewGenVertexArrays
main.obj : error LNK2001: 확인할 수 없는 외부 기호 __imp____glewDisableVertexAttribArray
main.obj : error LNK2001: 확인할 수 없는 외부 기호 __imp____glewUniformMatrix4fv
main.obj : error LNK2001: 확인할 수 없는 외부 기호 _glfwSetCursorPosCallback
main.obj : error LNK2001: 확인할 수 없는 외부 기호 __imp____glewGenBuffers
main.obj : error LNK2001: 확인할 수 없는 외부 기호 _glfwWindowShouldClose
main.obj : error LNK2001: 확인할 수 없는 외부 기호 __imp__glewInit@0
main.obj : error LNK2001: 확인할 수 없는 외부 기호 __imp____glewDeleteBuffers
C:\Users\Heeyeon\source\repos\OpenGLRendering\Release\OpenGLRendering.exe : fatal error LNK1120: 40개의 확인할 수 없는 외부 참조입니다.
